
  .   ____          _            __ _ _
 /\\ / ___'_ __ _ _(_)_ __  __ _ \ \ \ \
( ( )\___ | '_ | '_| | '_ \/ _` | \ \ \ \
 \\/  ___)| |_)| | | | | || (_| |  ) ) ) )
  '  |____| .__|_| |_|_| |_\__, | / / / /
 =========|_|==============|___/=/_/_/_/
 :: Spring Boot ::                (v3.2.0)

2025-10-20T21:39:14.263-04:00  INFO 56280 --- [           main] com.example.demo.DemoApplication         : Starting DemoApplication v0.0.1-SNAPSHOT using Java 17.0.15 with PID 56280 (/Users/marksenkus/Documents/Projects/FallDetectionTest/Backend/target/demo-0.0.1-SNAPSHOT.jar started by marksenkus in /Users/marksenkus/Documents/Projects/FallDetectionTest/Backend)
2025-10-20T21:39:14.269-04:00  INFO 56280 --- [           main] com.example.demo.DemoApplication         : No active profile set, falling back to 1 default profile: "default"
2025-10-20T21:39:14.650-04:00  INFO 56280 --- [           main] o.s.b.w.embedded.tomcat.TomcatWebServer  : Tomcat initialized with port 8080 (http)
2025-10-20T21:39:14.653-04:00  INFO 56280 --- [           main] o.apache.catalina.core.StandardService   : Starting service [Tomcat]
2025-10-20T21:39:14.653-04:00  INFO 56280 --- [           main] o.apache.catalina.core.StandardEngine    : Starting Servlet engine: [Apache Tomcat/10.1.16]
2025-10-20T21:39:14.669-04:00  INFO 56280 --- [           main] o.a.c.c.C.[Tomcat].[localhost].[/]       : Initializing Spring embedded WebApplicationContext
2025-10-20T21:39:14.669-04:00  INFO 56280 --- [           main] w.s.c.ServletWebServerApplicationContext : Root WebApplicationContext: initialization completed in 362 ms
2025-10-20T21:39:14.864-04:00  INFO 56280 --- [           main] o.s.b.w.embedded.tomcat.TomcatWebServer  : Tomcat started on port 8080 (http) with context path ''
2025-10-20T21:39:14.872-04:00  INFO 56280 --- [           main] com.example.demo.DemoApplication         : Started DemoApplication in 0.769 seconds (process running for 0.947)
2025-10-20T21:42:27.955-04:00  INFO 56280 --- [0.0-8080-exec-1] o.a.c.c.C.[Tomcat].[localhost].[/]       : Initializing Spring DispatcherServlet 'dispatcherServlet'
2025-10-20T21:42:27.955-04:00  INFO 56280 --- [0.0-8080-exec-1] o.s.web.servlet.DispatcherServlet        : Initializing Servlet 'dispatcherServlet'
2025-10-20T21:42:27.956-04:00  INFO 56280 --- [0.0-8080-exec-1] o.s.web.servlet.DispatcherServlet        : Completed initialization in 1 ms
2025-10-20T21:42:27.970-04:00  INFO 56280 --- [0.0-8080-exec-1] c.example.demo.service.AltumViewService  : Requesting new access token from https://oauth.altumview.com/v1.0/token
2025-10-20T21:42:28.599-04:00  INFO 56280 --- [0.0-8080-exec-1] c.example.demo.service.AltumViewService  : ✓ Obtained new access token, expires in 3599 seconds
2025-10-20T21:42:29.173-04:00  INFO 56280 --- [0.0-8080-exec-1] c.example.demo.service.AltumViewService  : ✓ Retrieved 1 cameras
2025-10-20T21:42:30.681-04:00  INFO 56280 --- [0.0-8080-exec-2] c.example.demo.service.AltumViewService  : Using cached access token
2025-10-20T21:42:30.681-04:00  INFO 56280 --- [0.0-8080-exec-2] c.example.demo.service.AltumViewService  : Using cached access token
2025-10-20T21:42:31.151-04:00  INFO 56280 --- [0.0-8080-exec-2] c.example.demo.service.AltumViewService  : ✓ Retrieved MQTT credentials
2025-10-20T21:42:31.151-04:00  INFO 56280 --- [0.0-8080-exec-2] c.example.demo.service.AltumViewService  : Using cached access token
2025-10-20T21:42:31.434-04:00  INFO 56280 --- [0.0-8080-exec-2] c.example.demo.service.AltumViewService  : ✓ Retrieved 1 cameras
2025-10-20T21:42:31.434-04:00  INFO 56280 --- [0.0-8080-exec-2] c.example.demo.service.AltumViewService  : Using cached access token
2025-10-20T21:42:32.528-04:00  INFO 56280 --- [0.0-8080-exec-2] c.example.demo.service.AltumViewService  : ✓ Retrieved stream token for camera 19401
2025-10-20T21:42:32.791-04:00  INFO 56280 --- [0.0-8080-exec-2] c.example.demo.service.AltumViewService  : ✓ Built complete skeleton stream config for camera 19401
2025-10-20T21:42:37.674-04:00  INFO 56280 --- [0.0-8080-exec-4] c.example.demo.service.AltumViewService  : Using cached access token
2025-10-20T21:42:37.674-04:00  INFO 56280 --- [0.0-8080-exec-4] c.example.demo.service.AltumViewService  : Using cached access token
2025-10-20T21:42:37.927-04:00  INFO 56280 --- [0.0-8080-exec-4] c.example.demo.service.AltumViewService  : ✓ Retrieved MQTT credentials
2025-10-20T21:42:37.927-04:00  INFO 56280 --- [0.0-8080-exec-4] c.example.demo.service.AltumViewService  : Using cached access token
2025-10-20T21:42:38.160-04:00  INFO 56280 --- [0.0-8080-exec-4] c.example.demo.service.AltumViewService  : ✓ Retrieved 1 cameras
2025-10-20T21:42:38.160-04:00  INFO 56280 --- [0.0-8080-exec-4] c.example.demo.service.AltumViewService  : Using cached access token
2025-10-20T21:42:39.217-04:00  INFO 56280 --- [0.0-8080-exec-4] c.example.demo.service.AltumViewService  : ✓ Retrieved stream token for camera 19401
2025-10-20T21:42:39.478-04:00  INFO 56280 --- [0.0-8080-exec-4] c.example.demo.service.AltumViewService  : ✓ Built complete skeleton stream config for camera 19401
2025-10-20T21:42:42.284-04:00  INFO 56280 --- [0.0-8080-exec-6] c.example.demo.service.AltumViewService  : Using cached access token
2025-10-20T21:42:42.284-04:00  INFO 56280 --- [0.0-8080-exec-6] c.example.demo.service.AltumViewService  : Using cached access token
2025-10-20T21:42:42.632-04:00  INFO 56280 --- [0.0-8080-exec-6] c.example.demo.service.AltumViewService  : ✓ Retrieved MQTT credentials
2025-10-20T21:42:42.633-04:00  INFO 56280 --- [0.0-8080-exec-6] c.example.demo.service.AltumViewService  : Using cached access token
2025-10-20T21:42:43.030-04:00  INFO 56280 --- [0.0-8080-exec-6] c.example.demo.service.AltumViewService  : ✓ Retrieved 1 cameras
2025-10-20T21:42:43.030-04:00  INFO 56280 --- [0.0-8080-exec-6] c.example.demo.service.AltumViewService  : Using cached access token
2025-10-20T21:42:43.965-04:00  INFO 56280 --- [0.0-8080-exec-6] c.example.demo.service.AltumViewService  : ✓ Retrieved stream token for camera 19401
2025-10-20T21:42:44.176-04:00  INFO 56280 --- [0.0-8080-exec-6] c.example.demo.service.AltumViewService  : ✓ Built complete skeleton stream config for camera 19401
2025-10-20T21:43:02.945-04:00  INFO 56280 --- [0.0-8080-exec-8] c.example.demo.service.AltumViewService  : Using cached access token
2025-10-20T21:43:03.146-04:00  INFO 56280 --- [0.0-8080-exec-8] c.example.demo.service.AltumViewService  : ✓ Retrieved 1 cameras
2025-10-20T21:43:03.149-04:00  INFO 56280 --- [0.0-8080-exec-9] c.example.demo.service.AltumViewService  : Using cached access token
2025-10-20T21:43:03.149-04:00  INFO 56280 --- [.0-8080-exec-10] c.example.demo.service.AltumViewService  : Using cached access token
2025-10-20T21:43:03.149-04:00  INFO 56280 --- [0.0-8080-exec-9] c.example.demo.service.AltumViewService  : Using cached access token
2025-10-20T21:43:03.240-04:00 ERROR 56280 --- [0.0-8080-exec-9] c.example.demo.service.AltumViewService  : ✗ Error getting preview token: 403 Forbidden: "{"message":"Invalid key=value pair (missing equal-sign) in Authorization header (hashed with SHA-256 and encoded with Base64): 'a37uBsfaibyTO+a2XEBiL2k7A4mformnBZ2cw4j12O4='."}"
2025-10-20T21:43:03.240-04:00 ERROR 56280 --- [0.0-8080-exec-9] c.example.demo.service.AltumViewService  : ✗ Error getting camera view: Failed to get preview token: 403 Forbidden: "{"message":"Invalid key=value pair (missing equal-sign) in Authorization header (hashed with SHA-256 and encoded with Base64): 'a37uBsfaibyTO+a2XEBiL2k7A4mformnBZ2cw4j12O4='."}"

java.lang.RuntimeException: Failed to get preview token: 403 Forbidden: "{"message":"Invalid key=value pair (missing equal-sign) in Authorization header (hashed with SHA-256 and encoded with Base64): 'a37uBsfaibyTO+a2XEBiL2k7A4mformnBZ2cw4j12O4='."}"
	at com.example.demo.service.AltumViewService.getPreviewToken(AltumViewService.java:273) ~[!/:0.0.1-SNAPSHOT]
	at com.example.demo.service.AltumViewService.getCameraView(AltumViewService.java:598) ~[!/:0.0.1-SNAPSHOT]
	at com.example.demo.controller.SkeletonController.getCameraView(SkeletonController.java:155) ~[!/:0.0.1-SNAPSHOT]
	at java.base/jdk.internal.reflect.NativeMethodAccessorImpl.invoke0(Native Method) ~[na:na]
	at java.base/jdk.internal.reflect.NativeMethodAccessorImpl.invoke(NativeMethodAccessorImpl.java:77) ~[na:na]
	at java.base/jdk.internal.reflect.DelegatingMethodAccessorImpl.invoke(DelegatingMethodAccessorImpl.java:43) ~[na:na]
	at java.base/java.lang.reflect.Method.invoke(Method.java:569) ~[na:na]
	at org.springframework.web.method.support.InvocableHandlerMethod.doInvoke(InvocableHandlerMethod.java:254) ~[spring-web-6.1.1.jar!/:6.1.1]
	at org.springframework.web.method.support.InvocableHandlerMethod.invokeForRequest(InvocableHandlerMethod.java:182) ~[spring-web-6.1.1.jar!/:6.1.1]
	at org.springframework.web.servlet.mvc.method.annotation.ServletInvocableHandlerMethod.invokeAndHandle(ServletInvocableHandlerMethod.java:118) ~[spring-webmvc-6.1.1.jar!/:6.1.1]
	at org.springframework.web.servlet.mvc.method.annotation.RequestMappingHandlerAdapter.invokeHandlerMethod(RequestMappingHandlerAdapter.java:917) ~[spring-webmvc-6.1.1.jar!/:6.1.1]
	at org.springframework.web.servlet.mvc.method.annotation.RequestMappingHandlerAdapter.handleInternal(RequestMappingHandlerAdapter.java:829) ~[spring-webmvc-6.1.1.jar!/:6.1.1]
	at org.springframework.web.servlet.mvc.method.AbstractHandlerMethodAdapter.handle(AbstractHandlerMethodAdapter.java:87) ~[spring-webmvc-6.1.1.jar!/:6.1.1]
	at org.springframework.web.servlet.DispatcherServlet.doDispatch(DispatcherServlet.java:1089) ~[spring-webmvc-6.1.1.jar!/:6.1.1]
	at org.springframework.web.servlet.DispatcherServlet.doService(DispatcherServlet.java:979) ~[spring-webmvc-6.1.1.jar!/:6.1.1]
	at org.springframework.web.servlet.FrameworkServlet.processRequest(FrameworkServlet.java:1014) ~[spring-webmvc-6.1.1.jar!/:6.1.1]
	at org.springframework.web.servlet.FrameworkServlet.doGet(FrameworkServlet.java:903) ~[spring-webmvc-6.1.1.jar!/:6.1.1]
	at jakarta.servlet.http.HttpServlet.service(HttpServlet.java:564) ~[tomcat-embed-core-10.1.16.jar!/:na]
	at org.springframework.web.servlet.FrameworkServlet.service(FrameworkServlet.java:885) ~[spring-webmvc-6.1.1.jar!/:6.1.1]
	at jakarta.servlet.http.HttpServlet.service(HttpServlet.java:658) ~[tomcat-embed-core-10.1.16.jar!/:na]
	at org.apache.catalina.core.ApplicationFilterChain.internalDoFilter(ApplicationFilterChain.java:205) ~[tomcat-embed-core-10.1.16.jar!/:na]
	at org.apache.catalina.core.ApplicationFilterChain.doFilter(ApplicationFilterChain.java:149) ~[tomcat-embed-core-10.1.16.jar!/:na]
	at org.apache.tomcat.websocket.server.WsFilter.doFilter(WsFilter.java:51) ~[tomcat-embed-websocket-10.1.16.jar!/:na]
	at org.apache.catalina.core.ApplicationFilterChain.internalDoFilter(ApplicationFilterChain.java:174) ~[tomcat-embed-core-10.1.16.jar!/:na]
	at org.apache.catalina.core.ApplicationFilterChain.doFilter(ApplicationFilterChain.java:149) ~[tomcat-embed-core-10.1.16.jar!/:na]
	at org.springframework.web.filter.CorsFilter.doFilterInternal(CorsFilter.java:91) ~[spring-web-6.1.1.jar!/:6.1.1]
	at org.springframework.web.filter.OncePerRequestFilter.doFilter(OncePerRequestFilter.java:116) ~[spring-web-6.1.1.jar!/:6.1.1]
	at org.apache.catalina.core.ApplicationFilterChain.internalDoFilter(ApplicationFilterChain.java:174) ~[tomcat-embed-core-10.1.16.jar!/:na]
	at org.apache.catalina.core.ApplicationFilterChain.doFilter(ApplicationFilterChain.java:149) ~[tomcat-embed-core-10.1.16.jar!/:na]
	at org.springframework.web.filter.RequestContextFilter.doFilterInternal(RequestContextFilter.java:100) ~[spring-web-6.1.1.jar!/:6.1.1]
	at org.springframework.web.filter.OncePerRequestFilter.doFilter(OncePerRequestFilter.java:116) ~[spring-web-6.1.1.jar!/:6.1.1]
	at org.apache.catalina.core.ApplicationFilterChain.internalDoFilter(ApplicationFilterChain.java:174) ~[tomcat-embed-core-10.1.16.jar!/:na]
	at org.apache.catalina.core.ApplicationFilterChain.doFilter(ApplicationFilterChain.java:149) ~[tomcat-embed-core-10.1.16.jar!/:na]
	at org.springframework.web.filter.FormContentFilter.doFilterInternal(FormContentFilter.java:93) ~[spring-web-6.1.1.jar!/:6.1.1]
	at org.springframework.web.filter.OncePerRequestFilter.doFilter(OncePerRequestFilter.java:116) ~[spring-web-6.1.1.jar!/:6.1.1]
	at org.apache.catalina.core.ApplicationFilterChain.internalDoFilter(ApplicationFilterChain.java:174) ~[tomcat-embed-core-10.1.16.jar!/:na]
	at org.apache.catalina.core.ApplicationFilterChain.doFilter(ApplicationFilterChain.java:149) ~[tomcat-embed-core-10.1.16.jar!/:na]
	at org.springframework.web.filter.CharacterEncodingFilter.doFilterInternal(CharacterEncodingFilter.java:201) ~[spring-web-6.1.1.jar!/:6.1.1]
	at org.springframework.web.filter.OncePerRequestFilter.doFilter(OncePerRequestFilter.java:116) ~[spring-web-6.1.1.jar!/:6.1.1]
	at org.apache.catalina.core.ApplicationFilterChain.internalDoFilter(ApplicationFilterChain.java:174) ~[tomcat-embed-core-10.1.16.jar!/:na]
	at org.apache.catalina.core.ApplicationFilterChain.doFilter(ApplicationFilterChain.java:149) ~[tomcat-embed-core-10.1.16.jar!/:na]
	at org.apache.catalina.core.StandardWrapperValve.invoke(StandardWrapperValve.java:167) ~[tomcat-embed-core-10.1.16.jar!/:na]
	at org.apache.catalina.core.StandardContextValve.invoke(StandardContextValve.java:90) ~[tomcat-embed-core-10.1.16.jar!/:na]
	at org.apache.catalina.authenticator.AuthenticatorBase.invoke(AuthenticatorBase.java:482) ~[tomcat-embed-core-10.1.16.jar!/:na]
	at org.apache.catalina.core.StandardHostValve.invoke(StandardHostValve.java:115) ~[tomcat-embed-core-10.1.16.jar!/:na]
	at org.apache.catalina.valves.ErrorReportValve.invoke(ErrorReportValve.java:93) ~[tomcat-embed-core-10.1.16.jar!/:na]
	at org.apache.catalina.core.StandardEngineValve.invoke(StandardEngineValve.java:74) ~[tomcat-embed-core-10.1.16.jar!/:na]
	at org.apache.catalina.connector.CoyoteAdapter.service(CoyoteAdapter.java:340) ~[tomcat-embed-core-10.1.16.jar!/:na]
	at org.apache.coyote.http11.Http11Processor.service(Http11Processor.java:391) ~[tomcat-embed-core-10.1.16.jar!/:na]
	at org.apache.coyote.AbstractProcessorLight.process(AbstractProcessorLight.java:63) ~[tomcat-embed-core-10.1.16.jar!/:na]
	at org.apache.coyote.AbstractProtocol$ConnectionHandler.process(AbstractProtocol.java:896) ~[tomcat-embed-core-10.1.16.jar!/:na]
	at org.apache.tomcat.util.net.NioEndpoint$SocketProcessor.doRun(NioEndpoint.java:1744) ~[tomcat-embed-core-10.1.16.jar!/:na]
	at org.apache.tomcat.util.net.SocketProcessorBase.run(SocketProcessorBase.java:52) ~[tomcat-embed-core-10.1.16.jar!/:na]
	at org.apache.tomcat.util.threads.ThreadPoolExecutor.runWorker(ThreadPoolExecutor.java:1191) ~[tomcat-embed-core-10.1.16.jar!/:na]
	at org.apache.tomcat.util.threads.ThreadPoolExecutor$Worker.run(ThreadPoolExecutor.java:659) ~[tomcat-embed-core-10.1.16.jar!/:na]
	at org.apache.tomcat.util.threads.TaskThread$WrappingRunnable.run(TaskThread.java:61) ~[tomcat-embed-core-10.1.16.jar!/:na]
	at java.base/java.lang.Thread.run(Thread.java:840) ~[na:na]
Caused by: org.springframework.web.client.HttpClientErrorException$Forbidden: 403 Forbidden: "{"message":"Invalid key=value pair (missing equal-sign) in Authorization header (hashed with SHA-256 and encoded with Base64): 'a37uBsfaibyTO+a2XEBiL2k7A4mformnBZ2cw4j12O4='."}"
	at org.springframework.web.client.HttpClientErrorException.create(HttpClientErrorException.java:109) ~[spring-web-6.1.1.jar!/:6.1.1]
	at org.springframework.web.client.DefaultResponseErrorHandler.handleError(DefaultResponseErrorHandler.java:183) ~[spring-web-6.1.1.jar!/:6.1.1]
	at org.springframework.web.client.DefaultResponseErrorHandler.handleError(DefaultResponseErrorHandler.java:137) ~[spring-web-6.1.1.jar!/:6.1.1]
	at org.springframework.web.client.ResponseErrorHandler.handleError(ResponseErrorHandler.java:63) ~[spring-web-6.1.1.jar!/:6.1.1]
	at org.springframework.web.client.RestTemplate.handleResponse(RestTemplate.java:932) ~[spring-web-6.1.1.jar!/:6.1.1]
	at org.springframework.web.client.RestTemplate.doExecute(RestTemplate.java:881) ~[spring-web-6.1.1.jar!/:6.1.1]
	at org.springframework.web.client.RestTemplate.execute(RestTemplate.java:781) ~[spring-web-6.1.1.jar!/:6.1.1]
	at org.springframework.web.client.RestTemplate.exchange(RestTemplate.java:663) ~[spring-web-6.1.1.jar!/:6.1.1]
	at com.example.demo.service.AltumViewService.getPreviewToken(AltumViewService.java:248) ~[!/:0.0.1-SNAPSHOT]
	... 56 common frames omitted

2025-10-20T21:43:03.338-04:00  INFO 56280 --- [.0-8080-exec-10] c.example.demo.service.AltumViewService  : ✓ Retrieved background URL for camera 19401
2025-10-20T21:43:03.776-04:00  INFO 56280 --- [.0-8080-exec-10] c.example.demo.service.AltumViewService  : ✓ Retrieved camera background image for camera 19401, size: 40015 bytes
2025-10-20T21:43:04.509-04:00  INFO 56280 --- [0.0-8080-exec-1] c.example.demo.service.AltumViewService  : Using cached access token
2025-10-20T21:43:04.509-04:00  INFO 56280 --- [0.0-8080-exec-1] c.example.demo.service.AltumViewService  : Using cached access token
2025-10-20T21:43:04.597-04:00 ERROR 56280 --- [0.0-8080-exec-1] c.example.demo.service.AltumViewService  : ✗ Error getting preview token: 403 Forbidden: "{"message":"Invalid key=value pair (missing equal-sign) in Authorization header (hashed with SHA-256 and encoded with Base64): 'a37uBsfaibyTO+a2XEBiL2k7A4mformnBZ2cw4j12O4='."}"
2025-10-20T21:43:04.597-04:00 ERROR 56280 --- [0.0-8080-exec-1] c.example.demo.service.AltumViewService  : ✗ Error getting camera view: Failed to get preview token: 403 Forbidden: "{"message":"Invalid key=value pair (missing equal-sign) in Authorization header (hashed with SHA-256 and encoded with Base64): 'a37uBsfaibyTO+a2XEBiL2k7A4mformnBZ2cw4j12O4='."}"

java.lang.RuntimeException: Failed to get preview token: 403 Forbidden: "{"message":"Invalid key=value pair (missing equal-sign) in Authorization header (hashed with SHA-256 and encoded with Base64): 'a37uBsfaibyTO+a2XEBiL2k7A4mformnBZ2cw4j12O4='."}"
	at com.example.demo.service.AltumViewService.getPreviewToken(AltumViewService.java:273) ~[!/:0.0.1-SNAPSHOT]
	at com.example.demo.service.AltumViewService.getCameraView(AltumViewService.java:598) ~[!/:0.0.1-SNAPSHOT]
	at com.example.demo.controller.SkeletonController.getCameraView(SkeletonController.java:155) ~[!/:0.0.1-SNAPSHOT]
	at java.base/jdk.internal.reflect.NativeMethodAccessorImpl.invoke0(Native Method) ~[na:na]
	at java.base/jdk.internal.reflect.NativeMethodAccessorImpl.invoke(NativeMethodAccessorImpl.java:77) ~[na:na]
	at java.base/jdk.internal.reflect.DelegatingMethodAccessorImpl.invoke(DelegatingMethodAccessorImpl.java:43) ~[na:na]
	at java.base/java.lang.reflect.Method.invoke(Method.java:569) ~[na:na]
	at org.springframework.web.method.support.InvocableHandlerMethod.doInvoke(InvocableHandlerMethod.java:254) ~[spring-web-6.1.1.jar!/:6.1.1]
	at org.springframework.web.method.support.InvocableHandlerMethod.invokeForRequest(InvocableHandlerMethod.java:182) ~[spring-web-6.1.1.jar!/:6.1.1]
	at org.springframework.web.servlet.mvc.method.annotation.ServletInvocableHandlerMethod.invokeAndHandle(ServletInvocableHandlerMethod.java:118) ~[spring-webmvc-6.1.1.jar!/:6.1.1]
	at org.springframework.web.servlet.mvc.method.annotation.RequestMappingHandlerAdapter.invokeHandlerMethod(RequestMappingHandlerAdapter.java:917) ~[spring-webmvc-6.1.1.jar!/:6.1.1]
	at org.springframework.web.servlet.mvc.method.annotation.RequestMappingHandlerAdapter.handleInternal(RequestMappingHandlerAdapter.java:829) ~[spring-webmvc-6.1.1.jar!/:6.1.1]
	at org.springframework.web.servlet.mvc.method.AbstractHandlerMethodAdapter.handle(AbstractHandlerMethodAdapter.java:87) ~[spring-webmvc-6.1.1.jar!/:6.1.1]
	at org.springframework.web.servlet.DispatcherServlet.doDispatch(DispatcherServlet.java:1089) ~[spring-webmvc-6.1.1.jar!/:6.1.1]
	at org.springframework.web.servlet.DispatcherServlet.doService(DispatcherServlet.java:979) ~[spring-webmvc-6.1.1.jar!/:6.1.1]
	at org.springframework.web.servlet.FrameworkServlet.processRequest(FrameworkServlet.java:1014) ~[spring-webmvc-6.1.1.jar!/:6.1.1]
	at org.springframework.web.servlet.FrameworkServlet.doGet(FrameworkServlet.java:903) ~[spring-webmvc-6.1.1.jar!/:6.1.1]
	at jakarta.servlet.http.HttpServlet.service(HttpServlet.java:564) ~[tomcat-embed-core-10.1.16.jar!/:na]
	at org.springframework.web.servlet.FrameworkServlet.service(FrameworkServlet.java:885) ~[spring-webmvc-6.1.1.jar!/:6.1.1]
	at jakarta.servlet.http.HttpServlet.service(HttpServlet.java:658) ~[tomcat-embed-core-10.1.16.jar!/:na]
	at org.apache.catalina.core.ApplicationFilterChain.internalDoFilter(ApplicationFilterChain.java:205) ~[tomcat-embed-core-10.1.16.jar!/:na]
	at org.apache.catalina.core.ApplicationFilterChain.doFilter(ApplicationFilterChain.java:149) ~[tomcat-embed-core-10.1.16.jar!/:na]
	at org.apache.tomcat.websocket.server.WsFilter.doFilter(WsFilter.java:51) ~[tomcat-embed-websocket-10.1.16.jar!/:na]
	at org.apache.catalina.core.ApplicationFilterChain.internalDoFilter(ApplicationFilterChain.java:174) ~[tomcat-embed-core-10.1.16.jar!/:na]
	at org.apache.catalina.core.ApplicationFilterChain.doFilter(ApplicationFilterChain.java:149) ~[tomcat-embed-core-10.1.16.jar!/:na]
	at org.springframework.web.filter.CorsFilter.doFilterInternal(CorsFilter.java:91) ~[spring-web-6.1.1.jar!/:6.1.1]
	at org.springframework.web.filter.OncePerRequestFilter.doFilter(OncePerRequestFilter.java:116) ~[spring-web-6.1.1.jar!/:6.1.1]
	at org.apache.catalina.core.ApplicationFilterChain.internalDoFilter(ApplicationFilterChain.java:174) ~[tomcat-embed-core-10.1.16.jar!/:na]
	at org.apache.catalina.core.ApplicationFilterChain.doFilter(ApplicationFilterChain.java:149) ~[tomcat-embed-core-10.1.16.jar!/:na]
	at org.springframework.web.filter.RequestContextFilter.doFilterInternal(RequestContextFilter.java:100) ~[spring-web-6.1.1.jar!/:6.1.1]
	at org.springframework.web.filter.OncePerRequestFilter.doFilter(OncePerRequestFilter.java:116) ~[spring-web-6.1.1.jar!/:6.1.1]
	at org.apache.catalina.core.ApplicationFilterChain.internalDoFilter(ApplicationFilterChain.java:174) ~[tomcat-embed-core-10.1.16.jar!/:na]
	at org.apache.catalina.core.ApplicationFilterChain.doFilter(ApplicationFilterChain.java:149) ~[tomcat-embed-core-10.1.16.jar!/:na]
	at org.springframework.web.filter.FormContentFilter.doFilterInternal(FormContentFilter.java:93) ~[spring-web-6.1.1.jar!/:6.1.1]
	at org.springframework.web.filter.OncePerRequestFilter.doFilter(OncePerRequestFilter.java:116) ~[spring-web-6.1.1.jar!/:6.1.1]
	at org.apache.catalina.core.ApplicationFilterChain.internalDoFilter(ApplicationFilterChain.java:174) ~[tomcat-embed-core-10.1.16.jar!/:na]
	at org.apache.catalina.core.ApplicationFilterChain.doFilter(ApplicationFilterChain.java:149) ~[tomcat-embed-core-10.1.16.jar!/:na]
	at org.springframework.web.filter.CharacterEncodingFilter.doFilterInternal(CharacterEncodingFilter.java:201) ~[spring-web-6.1.1.jar!/:6.1.1]
	at org.springframework.web.filter.OncePerRequestFilter.doFilter(OncePerRequestFilter.java:116) ~[spring-web-6.1.1.jar!/:6.1.1]
	at org.apache.catalina.core.ApplicationFilterChain.internalDoFilter(ApplicationFilterChain.java:174) ~[tomcat-embed-core-10.1.16.jar!/:na]
	at org.apache.catalina.core.ApplicationFilterChain.doFilter(ApplicationFilterChain.java:149) ~[tomcat-embed-core-10.1.16.jar!/:na]
	at org.apache.catalina.core.StandardWrapperValve.invoke(StandardWrapperValve.java:167) ~[tomcat-embed-core-10.1.16.jar!/:na]
	at org.apache.catalina.core.StandardContextValve.invoke(StandardContextValve.java:90) ~[tomcat-embed-core-10.1.16.jar!/:na]
	at org.apache.catalina.authenticator.AuthenticatorBase.invoke(AuthenticatorBase.java:482) ~[tomcat-embed-core-10.1.16.jar!/:na]
	at org.apache.catalina.core.StandardHostValve.invoke(StandardHostValve.java:115) ~[tomcat-embed-core-10.1.16.jar!/:na]
	at org.apache.catalina.valves.ErrorReportValve.invoke(ErrorReportValve.java:93) ~[tomcat-embed-core-10.1.16.jar!/:na]
	at org.apache.catalina.core.StandardEngineValve.invoke(StandardEngineValve.java:74) ~[tomcat-embed-core-10.1.16.jar!/:na]
	at org.apache.catalina.connector.CoyoteAdapter.service(CoyoteAdapter.java:340) ~[tomcat-embed-core-10.1.16.jar!/:na]
	at org.apache.coyote.http11.Http11Processor.service(Http11Processor.java:391) ~[tomcat-embed-core-10.1.16.jar!/:na]
	at org.apache.coyote.AbstractProcessorLight.process(AbstractProcessorLight.java:63) ~[tomcat-embed-core-10.1.16.jar!/:na]
	at org.apache.coyote.AbstractProtocol$ConnectionHandler.process(AbstractProtocol.java:896) ~[tomcat-embed-core-10.1.16.jar!/:na]
	at org.apache.tomcat.util.net.NioEndpoint$SocketProcessor.doRun(NioEndpoint.java:1744) ~[tomcat-embed-core-10.1.16.jar!/:na]
	at org.apache.tomcat.util.net.SocketProcessorBase.run(SocketProcessorBase.java:52) ~[tomcat-embed-core-10.1.16.jar!/:na]
	at org.apache.tomcat.util.threads.ThreadPoolExecutor.runWorker(ThreadPoolExecutor.java:1191) ~[tomcat-embed-core-10.1.16.jar!/:na]
	at org.apache.tomcat.util.threads.ThreadPoolExecutor$Worker.run(ThreadPoolExecutor.java:659) ~[tomcat-embed-core-10.1.16.jar!/:na]
	at org.apache.tomcat.util.threads.TaskThread$WrappingRunnable.run(TaskThread.java:61) ~[tomcat-embed-core-10.1.16.jar!/:na]
	at java.base/java.lang.Thread.run(Thread.java:840) ~[na:na]
Caused by: org.springframework.web.client.HttpClientErrorException$Forbidden: 403 Forbidden: "{"message":"Invalid key=value pair (missing equal-sign) in Authorization header (hashed with SHA-256 and encoded with Base64): 'a37uBsfaibyTO+a2XEBiL2k7A4mformnBZ2cw4j12O4='."}"
	at org.springframework.web.client.HttpClientErrorException.create(HttpClientErrorException.java:109) ~[spring-web-6.1.1.jar!/:6.1.1]
	at org.springframework.web.client.DefaultResponseErrorHandler.handleError(DefaultResponseErrorHandler.java:183) ~[spring-web-6.1.1.jar!/:6.1.1]
	at org.springframework.web.client.DefaultResponseErrorHandler.handleError(DefaultResponseErrorHandler.java:137) ~[spring-web-6.1.1.jar!/:6.1.1]
	at org.springframework.web.client.ResponseErrorHandler.handleError(ResponseErrorHandler.java:63) ~[spring-web-6.1.1.jar!/:6.1.1]
	at org.springframework.web.client.RestTemplate.handleResponse(RestTemplate.java:932) ~[spring-web-6.1.1.jar!/:6.1.1]
	at org.springframework.web.client.RestTemplate.doExecute(RestTemplate.java:881) ~[spring-web-6.1.1.jar!/:6.1.1]
	at org.springframework.web.client.RestTemplate.execute(RestTemplate.java:781) ~[spring-web-6.1.1.jar!/:6.1.1]
	at org.springframework.web.client.RestTemplate.exchange(RestTemplate.java:663) ~[spring-web-6.1.1.jar!/:6.1.1]
	at com.example.demo.service.AltumViewService.getPreviewToken(AltumViewService.java:248) ~[!/:0.0.1-SNAPSHOT]
	... 56 common frames omitted

2025-10-20T21:43:05.788-04:00  INFO 56280 --- [0.0-8080-exec-2] c.example.demo.service.AltumViewService  : Using cached access token
2025-10-20T21:43:05.788-04:00  INFO 56280 --- [0.0-8080-exec-2] c.example.demo.service.AltumViewService  : Using cached access token
2025-10-20T21:43:06.005-04:00 ERROR 56280 --- [0.0-8080-exec-2] c.example.demo.service.AltumViewService  : ✗ Error getting preview token: 403 Forbidden: "{"message":"Invalid key=value pair (missing equal-sign) in Authorization header (hashed with SHA-256 and encoded with Base64): 'a37uBsfaibyTO+a2XEBiL2k7A4mformnBZ2cw4j12O4='."}"
2025-10-20T21:43:06.005-04:00 ERROR 56280 --- [0.0-8080-exec-2] c.example.demo.service.AltumViewService  : ✗ Error getting camera view: Failed to get preview token: 403 Forbidden: "{"message":"Invalid key=value pair (missing equal-sign) in Authorization header (hashed with SHA-256 and encoded with Base64): 'a37uBsfaibyTO+a2XEBiL2k7A4mformnBZ2cw4j12O4='."}"

java.lang.RuntimeException: Failed to get preview token: 403 Forbidden: "{"message":"Invalid key=value pair (missing equal-sign) in Authorization header (hashed with SHA-256 and encoded with Base64): 'a37uBsfaibyTO+a2XEBiL2k7A4mformnBZ2cw4j12O4='."}"
	at com.example.demo.service.AltumViewService.getPreviewToken(AltumViewService.java:273) ~[!/:0.0.1-SNAPSHOT]
	at com.example.demo.service.AltumViewService.getCameraView(AltumViewService.java:598) ~[!/:0.0.1-SNAPSHOT]
	at com.example.demo.controller.SkeletonController.getCameraView(SkeletonController.java:155) ~[!/:0.0.1-SNAPSHOT]
	at java.base/jdk.internal.reflect.NativeMethodAccessorImpl.invoke0(Native Method) ~[na:na]
	at java.base/jdk.internal.reflect.NativeMethodAccessorImpl.invoke(NativeMethodAccessorImpl.java:77) ~[na:na]
	at java.base/jdk.internal.reflect.DelegatingMethodAccessorImpl.invoke(DelegatingMethodAccessorImpl.java:43) ~[na:na]
	at java.base/java.lang.reflect.Method.invoke(Method.java:569) ~[na:na]
	at org.springframework.web.method.support.InvocableHandlerMethod.doInvoke(InvocableHandlerMethod.java:254) ~[spring-web-6.1.1.jar!/:6.1.1]
	at org.springframework.web.method.support.InvocableHandlerMethod.invokeForRequest(InvocableHandlerMethod.java:182) ~[spring-web-6.1.1.jar!/:6.1.1]
	at org.springframework.web.servlet.mvc.method.annotation.ServletInvocableHandlerMethod.invokeAndHandle(ServletInvocableHandlerMethod.java:118) ~[spring-webmvc-6.1.1.jar!/:6.1.1]
	at org.springframework.web.servlet.mvc.method.annotation.RequestMappingHandlerAdapter.invokeHandlerMethod(RequestMappingHandlerAdapter.java:917) ~[spring-webmvc-6.1.1.jar!/:6.1.1]
	at org.springframework.web.servlet.mvc.method.annotation.RequestMappingHandlerAdapter.handleInternal(RequestMappingHandlerAdapter.java:829) ~[spring-webmvc-6.1.1.jar!/:6.1.1]
	at org.springframework.web.servlet.mvc.method.AbstractHandlerMethodAdapter.handle(AbstractHandlerMethodAdapter.java:87) ~[spring-webmvc-6.1.1.jar!/:6.1.1]
	at org.springframework.web.servlet.DispatcherServlet.doDispatch(DispatcherServlet.java:1089) ~[spring-webmvc-6.1.1.jar!/:6.1.1]
	at org.springframework.web.servlet.DispatcherServlet.doService(DispatcherServlet.java:979) ~[spring-webmvc-6.1.1.jar!/:6.1.1]
	at org.springframework.web.servlet.FrameworkServlet.processRequest(FrameworkServlet.java:1014) ~[spring-webmvc-6.1.1.jar!/:6.1.1]
	at org.springframework.web.servlet.FrameworkServlet.doGet(FrameworkServlet.java:903) ~[spring-webmvc-6.1.1.jar!/:6.1.1]
	at jakarta.servlet.http.HttpServlet.service(HttpServlet.java:564) ~[tomcat-embed-core-10.1.16.jar!/:na]
	at org.springframework.web.servlet.FrameworkServlet.service(FrameworkServlet.java:885) ~[spring-webmvc-6.1.1.jar!/:6.1.1]
	at jakarta.servlet.http.HttpServlet.service(HttpServlet.java:658) ~[tomcat-embed-core-10.1.16.jar!/:na]
	at org.apache.catalina.core.ApplicationFilterChain.internalDoFilter(ApplicationFilterChain.java:205) ~[tomcat-embed-core-10.1.16.jar!/:na]
	at org.apache.catalina.core.ApplicationFilterChain.doFilter(ApplicationFilterChain.java:149) ~[tomcat-embed-core-10.1.16.jar!/:na]
	at org.apache.tomcat.websocket.server.WsFilter.doFilter(WsFilter.java:51) ~[tomcat-embed-websocket-10.1.16.jar!/:na]
	at org.apache.catalina.core.ApplicationFilterChain.internalDoFilter(ApplicationFilterChain.java:174) ~[tomcat-embed-core-10.1.16.jar!/:na]
	at org.apache.catalina.core.ApplicationFilterChain.doFilter(ApplicationFilterChain.java:149) ~[tomcat-embed-core-10.1.16.jar!/:na]
	at org.springframework.web.filter.CorsFilter.doFilterInternal(CorsFilter.java:91) ~[spring-web-6.1.1.jar!/:6.1.1]
	at org.springframework.web.filter.OncePerRequestFilter.doFilter(OncePerRequestFilter.java:116) ~[spring-web-6.1.1.jar!/:6.1.1]
	at org.apache.catalina.core.ApplicationFilterChain.internalDoFilter(ApplicationFilterChain.java:174) ~[tomcat-embed-core-10.1.16.jar!/:na]
	at org.apache.catalina.core.ApplicationFilterChain.doFilter(ApplicationFilterChain.java:149) ~[tomcat-embed-core-10.1.16.jar!/:na]
	at org.springframework.web.filter.RequestContextFilter.doFilterInternal(RequestContextFilter.java:100) ~[spring-web-6.1.1.jar!/:6.1.1]
	at org.springframework.web.filter.OncePerRequestFilter.doFilter(OncePerRequestFilter.java:116) ~[spring-web-6.1.1.jar!/:6.1.1]
	at org.apache.catalina.core.ApplicationFilterChain.internalDoFilter(ApplicationFilterChain.java:174) ~[tomcat-embed-core-10.1.16.jar!/:na]
	at org.apache.catalina.core.ApplicationFilterChain.doFilter(ApplicationFilterChain.java:149) ~[tomcat-embed-core-10.1.16.jar!/:na]
	at org.springframework.web.filter.FormContentFilter.doFilterInternal(FormContentFilter.java:93) ~[spring-web-6.1.1.jar!/:6.1.1]
	at org.springframework.web.filter.OncePerRequestFilter.doFilter(OncePerRequestFilter.java:116) ~[spring-web-6.1.1.jar!/:6.1.1]
	at org.apache.catalina.core.ApplicationFilterChain.internalDoFilter(ApplicationFilterChain.java:174) ~[tomcat-embed-core-10.1.16.jar!/:na]
	at org.apache.catalina.core.ApplicationFilterChain.doFilter(ApplicationFilterChain.java:149) ~[tomcat-embed-core-10.1.16.jar!/:na]
	at org.springframework.web.filter.CharacterEncodingFilter.doFilterInternal(CharacterEncodingFilter.java:201) ~[spring-web-6.1.1.jar!/:6.1.1]
	at org.springframework.web.filter.OncePerRequestFilter.doFilter(OncePerRequestFilter.java:116) ~[spring-web-6.1.1.jar!/:6.1.1]
	at org.apache.catalina.core.ApplicationFilterChain.internalDoFilter(ApplicationFilterChain.java:174) ~[tomcat-embed-core-10.1.16.jar!/:na]
	at org.apache.catalina.core.ApplicationFilterChain.doFilter(ApplicationFilterChain.java:149) ~[tomcat-embed-core-10.1.16.jar!/:na]
	at org.apache.catalina.core.StandardWrapperValve.invoke(StandardWrapperValve.java:167) ~[tomcat-embed-core-10.1.16.jar!/:na]
	at org.apache.catalina.core.StandardContextValve.invoke(StandardContextValve.java:90) ~[tomcat-embed-core-10.1.16.jar!/:na]
	at org.apache.catalina.authenticator.AuthenticatorBase.invoke(AuthenticatorBase.java:482) ~[tomcat-embed-core-10.1.16.jar!/:na]
	at org.apache.catalina.core.StandardHostValve.invoke(StandardHostValve.java:115) ~[tomcat-embed-core-10.1.16.jar!/:na]
	at org.apache.catalina.valves.ErrorReportValve.invoke(ErrorReportValve.java:93) ~[tomcat-embed-core-10.1.16.jar!/:na]
	at org.apache.catalina.core.StandardEngineValve.invoke(StandardEngineValve.java:74) ~[tomcat-embed-core-10.1.16.jar!/:na]
	at org.apache.catalina.connector.CoyoteAdapter.service(CoyoteAdapter.java:340) ~[tomcat-embed-core-10.1.16.jar!/:na]
	at org.apache.coyote.http11.Http11Processor.service(Http11Processor.java:391) ~[tomcat-embed-core-10.1.16.jar!/:na]
	at org.apache.coyote.AbstractProcessorLight.process(AbstractProcessorLight.java:63) ~[tomcat-embed-core-10.1.16.jar!/:na]
	at org.apache.coyote.AbstractProtocol$ConnectionHandler.process(AbstractProtocol.java:896) ~[tomcat-embed-core-10.1.16.jar!/:na]
	at org.apache.tomcat.util.net.NioEndpoint$SocketProcessor.doRun(NioEndpoint.java:1744) ~[tomcat-embed-core-10.1.16.jar!/:na]
	at org.apache.tomcat.util.net.SocketProcessorBase.run(SocketProcessorBase.java:52) ~[tomcat-embed-core-10.1.16.jar!/:na]
	at org.apache.tomcat.util.threads.ThreadPoolExecutor.runWorker(ThreadPoolExecutor.java:1191) ~[tomcat-embed-core-10.1.16.jar!/:na]
	at org.apache.tomcat.util.threads.ThreadPoolExecutor$Worker.run(ThreadPoolExecutor.java:659) ~[tomcat-embed-core-10.1.16.jar!/:na]
	at org.apache.tomcat.util.threads.TaskThread$WrappingRunnable.run(TaskThread.java:61) ~[tomcat-embed-core-10.1.16.jar!/:na]
	at java.base/java.lang.Thread.run(Thread.java:840) ~[na:na]
Caused by: org.springframework.web.client.HttpClientErrorException$Forbidden: 403 Forbidden: "{"message":"Invalid key=value pair (missing equal-sign) in Authorization header (hashed with SHA-256 and encoded with Base64): 'a37uBsfaibyTO+a2XEBiL2k7A4mformnBZ2cw4j12O4='."}"
	at org.springframework.web.client.HttpClientErrorException.create(HttpClientErrorException.java:109) ~[spring-web-6.1.1.jar!/:6.1.1]
	at org.springframework.web.client.DefaultResponseErrorHandler.handleError(DefaultResponseErrorHandler.java:183) ~[spring-web-6.1.1.jar!/:6.1.1]
	at org.springframework.web.client.DefaultResponseErrorHandler.handleError(DefaultResponseErrorHandler.java:137) ~[spring-web-6.1.1.jar!/:6.1.1]
	at org.springframework.web.client.ResponseErrorHandler.handleError(ResponseErrorHandler.java:63) ~[spring-web-6.1.1.jar!/:6.1.1]
	at org.springframework.web.client.RestTemplate.handleResponse(RestTemplate.java:932) ~[spring-web-6.1.1.jar!/:6.1.1]
	at org.springframework.web.client.RestTemplate.doExecute(RestTemplate.java:881) ~[spring-web-6.1.1.jar!/:6.1.1]
	at org.springframework.web.client.RestTemplate.execute(RestTemplate.java:781) ~[spring-web-6.1.1.jar!/:6.1.1]
	at org.springframework.web.client.RestTemplate.exchange(RestTemplate.java:663) ~[spring-web-6.1.1.jar!/:6.1.1]
	at com.example.demo.service.AltumViewService.getPreviewToken(AltumViewService.java:248) ~[!/:0.0.1-SNAPSHOT]
	... 56 common frames omitted

2025-10-20T21:43:08.951-04:00  INFO 56280 --- [0.0-8080-exec-3] c.example.demo.service.AltumViewService  : Using cached access token
2025-10-20T21:43:09.260-04:00  INFO 56280 --- [0.0-8080-exec-3] c.example.demo.service.AltumViewService  : ✓ Retrieved 0 alerts (no alerts found)
2025-10-20T21:43:09.263-04:00  INFO 56280 --- [0.0-8080-exec-4] c.example.demo.service.AltumViewService  : Using cached access token
2025-10-20T21:43:09.263-04:00  INFO 56280 --- [0.0-8080-exec-4] c.example.demo.service.AltumViewService  : Requesting alert 68f166168eeae9e50d48e58a from https://api.altumview.com/v1.0/alerts/68f166168eeae9e50d48e58a
2025-10-20T21:43:09.632-04:00  INFO 56280 --- [0.0-8080-exec-4] c.example.demo.service.AltumViewService  : ✓ Alert 68f166168eeae9e50d48e58a has skeleton_file (length: 6124 chars)
2025-10-20T21:43:09.633-04:00  INFO 56280 --- [0.0-8080-exec-4] c.example.demo.service.AltumViewService  : ✓ Successfully mapped alert 68f166168eeae9e50d48e58a
2025-10-20T21:43:10.775-04:00  INFO 56280 --- [0.0-8080-exec-5] c.example.demo.service.AltumViewService  : Using cached access token
2025-10-20T21:43:10.775-04:00  INFO 56280 --- [0.0-8080-exec-5] c.example.demo.service.AltumViewService  : Requesting alert 68f166168eeae9e50d48e58a from https://api.altumview.com/v1.0/alerts/68f166168eeae9e50d48e58a
2025-10-20T21:43:11.138-04:00  INFO 56280 --- [0.0-8080-exec-5] c.example.demo.service.AltumViewService  : ✓ Alert 68f166168eeae9e50d48e58a has skeleton_file (length: 6124 chars)
2025-10-20T21:43:11.138-04:00  INFO 56280 --- [0.0-8080-exec-5] c.example.demo.service.AltumViewService  : ✓ Successfully mapped alert 68f166168eeae9e50d48e58a
2025-10-20T21:43:11.143-04:00  INFO 56280 --- [0.0-8080-exec-6] c.example.demo.service.AltumViewService  : Using cached access token
2025-10-20T21:43:11.143-04:00  INFO 56280 --- [0.0-8080-exec-6] c.example.demo.service.AltumViewService  : Requesting alert 68f166168eeae9e50d48e58a from https://api.altumview.com/v1.0/alerts/68f166168eeae9e50d48e58a
2025-10-20T21:43:11.632-04:00  INFO 56280 --- [0.0-8080-exec-6] c.example.demo.service.AltumViewService  : ✓ Alert 68f166168eeae9e50d48e58a has skeleton_file (length: 6124 chars)
2025-10-20T21:43:11.632-04:00  INFO 56280 --- [0.0-8080-exec-6] c.example.demo.service.AltumViewService  : ✓ Successfully mapped alert 68f166168eeae9e50d48e58a
2025-10-20T21:43:11.653-04:00  INFO 56280 --- [0.0-8080-exec-7] c.example.demo.service.AltumViewService  : Using cached access token
2025-10-20T21:43:11.654-04:00  INFO 56280 --- [0.0-8080-exec-7] c.example.demo.service.AltumViewService  : Requesting alert 68f166168eeae9e50d48e58a from https://api.altumview.com/v1.0/alerts/68f166168eeae9e50d48e58a
2025-10-20T21:43:12.112-04:00  INFO 56280 --- [0.0-8080-exec-7] c.example.demo.service.AltumViewService  : ✓ Alert 68f166168eeae9e50d48e58a has skeleton_file (length: 6124 chars)
2025-10-20T21:43:12.112-04:00  INFO 56280 --- [0.0-8080-exec-7] c.example.demo.service.AltumViewService  : ✓ Successfully mapped alert 68f166168eeae9e50d48e58a
2025-10-20T21:43:12.443-04:00  INFO 56280 --- [0.0-8080-exec-7] c.example.demo.service.AltumViewService  : ✓ Retrieved alert background image for alert 68f166168eeae9e50d48e58a, size: 40015 bytes
2025-10-20T21:43:20.285-04:00  INFO 56280 --- [0.0-8080-exec-8] c.example.demo.service.AltumViewService  : Using cached access token
2025-10-20T21:43:20.477-04:00  INFO 56280 --- [0.0-8080-exec-8] c.example.demo.service.AltumViewService  : ✓ Retrieved 1 cameras
2025-10-20T21:43:23.103-04:00  INFO 56280 --- [0.0-8080-exec-9] c.example.demo.service.AltumViewService  : Using cached access token
2025-10-20T21:43:23.103-04:00  INFO 56280 --- [0.0-8080-exec-9] c.example.demo.service.AltumViewService  : Using cached access token
2025-10-20T21:43:23.476-04:00  INFO 56280 --- [0.0-8080-exec-9] c.example.demo.service.AltumViewService  : ✓ Retrieved MQTT credentials
2025-10-20T21:43:23.476-04:00  INFO 56280 --- [0.0-8080-exec-9] c.example.demo.service.AltumViewService  : Using cached access token
2025-10-20T21:43:23.677-04:00  INFO 56280 --- [0.0-8080-exec-9] c.example.demo.service.AltumViewService  : ✓ Retrieved 1 cameras
2025-10-20T21:43:23.677-04:00  INFO 56280 --- [0.0-8080-exec-9] c.example.demo.service.AltumViewService  : Using cached access token
2025-10-20T21:43:27.697-04:00  INFO 56280 --- [0.0-8080-exec-9] c.example.demo.service.AltumViewService  : ✓ Retrieved stream token for camera 19401
2025-10-20T21:43:28.066-04:00  INFO 56280 --- [0.0-8080-exec-9] c.example.demo.service.AltumViewService  : ✓ Built complete skeleton stream config for camera 19401
2025-10-20T21:43:28.069-04:00  INFO 56280 --- [0.0-8080-exec-1] c.example.demo.service.AltumViewService  : Using cached access token
2025-10-20T21:43:28.069-04:00  INFO 56280 --- [0.0-8080-exec-1] c.example.demo.service.AltumViewService  : Using cached access token
2025-10-20T21:43:28.288-04:00  INFO 56280 --- [0.0-8080-exec-1] c.example.demo.service.AltumViewService  : ✓ Retrieved MQTT credentials
2025-10-20T21:43:28.289-04:00  INFO 56280 --- [0.0-8080-exec-1] c.example.demo.service.AltumViewService  : Using cached access token
2025-10-20T21:43:28.598-04:00  INFO 56280 --- [0.0-8080-exec-1] c.example.demo.service.AltumViewService  : ✓ Retrieved 1 cameras
2025-10-20T21:43:28.598-04:00  INFO 56280 --- [0.0-8080-exec-1] c.example.demo.service.AltumViewService  : Using cached access token
2025-10-20T21:43:29.301-04:00  INFO 56280 --- [0.0-8080-exec-1] c.example.demo.service.AltumViewService  : ✓ Retrieved stream token for camera 19401
2025-10-20T21:43:29.506-04:00  INFO 56280 --- [0.0-8080-exec-1] c.example.demo.service.AltumViewService  : ✓ Built complete skeleton stream config for camera 19401
2025-10-20T21:43:31.551-04:00  INFO 56280 --- [0.0-8080-exec-4] c.example.demo.service.AltumViewService  : Using cached access token
2025-10-20T21:43:31.551-04:00  INFO 56280 --- [0.0-8080-exec-4] c.example.demo.service.AltumViewService  : Using cached access token
2025-10-20T21:43:31.885-04:00  INFO 56280 --- [0.0-8080-exec-4] c.example.demo.service.AltumViewService  : ✓ Retrieved MQTT credentials
2025-10-20T21:43:31.886-04:00  INFO 56280 --- [0.0-8080-exec-4] c.example.demo.service.AltumViewService  : Using cached access token
2025-10-20T21:43:32.168-04:00  INFO 56280 --- [0.0-8080-exec-4] c.example.demo.service.AltumViewService  : ✓ Retrieved 1 cameras
2025-10-20T21:43:32.168-04:00  INFO 56280 --- [0.0-8080-exec-4] c.example.demo.service.AltumViewService  : Using cached access token
2025-10-20T21:43:33.308-04:00  INFO 56280 --- [0.0-8080-exec-4] c.example.demo.service.AltumViewService  : ✓ Retrieved stream token for camera 19401
2025-10-20T21:43:33.563-04:00  INFO 56280 --- [0.0-8080-exec-4] c.example.demo.service.AltumViewService  : ✓ Built complete skeleton stream config for camera 19401
